
    <p>Všechny <span class="green">ZELENÉ</span> hodnoty patří Českému hostingu a všechny <span class="red">ČERVENÉ</span> jsou cizí.</p>
    <p>Skript kontroluje zda .cz domena v nasledujicich 14 dnech expiruje a nebo jestli je již po expiraci.</p>
    <h3 class="my-4">Výsledek pro doménu: <span class="yellow"><strong>ahoj.cz</strong></span></h3>
<small class=pokusy>Počet WHOIS pokusů: #1</small>
    <div class="container">
        <div class="row">
            <div class="col-sm">
                <p><strong>TLD domény:</strong> cz</p>
                <p><strong>DNSSEC:</strong> OFF</p>
                <p><strong>Vlastník domény:</strong> SB:EMEATELECOM</p>
                <p><strong>Registrátor kontaktu:</strong> REG-WEBGLOBE</p>
                <p><strong>Jméno a příjmení vlastníka:</strong> Martina Vítková</p>
                <p><strong>Registrátor domény:</strong> <span class=red>REG-WEBGLOBE</span></p>
                <p><strong>Registrováno:</strong> 28.04.1998 02:00:00</p>
                <p><strong>Expiruje:</strong> 11.10.2025 - <span class=green>OK</span></p>
            </div>

<div class=col-sm><h3>Nameservery:</h3>
<p class=red>ns2.nwt.cz.</p>
<p class=red>ns.nwt.cz.</p>
<h3>A Záznamy:</h3>
<p class=red>92.61.83.162</p>
<h3>AAAA Záznamy (IPv6):</h3>
</div><div class=col-sm><h3>TXT Záznamy:</h3>
<p>"google-gws-recovery-domain-verification=40985480"</p>

<h3>MX Záznamy (Pošta):</h3>
<p class=red>ASPMX4.GOOGLEMAIL.COM.</p>
<p class=red>ASPMX3.GOOGLEMAIL.COM.</p>
<p class=red>ASPMX.L.GOOGLE.COM.</p>
<p class=red>ASPMX5.GOOGLEMAIL.COM.</p>
<p class=red>ASPMX2.GOOGLEMAIL.COM.</p>
<p class=red>ALT1.ASPMX.L.GOOGLE.COM.</p>
<p class=red>ALT2.ASPMX.L.GOOGLE.COM.</p>
</div></div>
