
    <p>Všechny <span class="green">ZELENÉ</span> hodnoty patří Českému hostingu a všechny <span class="red">ČERVENÉ</span> jsou cizí.</p>
    <p>Skript kontroluje zda .cz domena v nasledujicich 14 dnech expiruje a nebo jestli je již po expiraci.</p>
    <h3 class="my-4">Výsledek pro doménu: <span class="yellow"><strong>agrobar.cz</strong></span></h3>
<small class=pokusy>Počet WHOIS pokusů: #1</small>
    <div class="container">
        <div class="row">
            <div class="col-sm">
                <p><strong>TLD domény:</strong> cz</p>
                <p><strong>DNSSEC:</strong> OFF</p>
                <p><strong>Vlastník domény:</strong> AGROBAR</p>
                <p><strong>Registrátor kontaktu:</strong> REG-THINLINE</p>
                <p><strong>Jméno a příjmení vlastníka:</strong> Pavel Čech</p>
                <p><strong>Registrátor domény:</strong> <span class=green>REG-THINLINE</span></p>
                <p><strong>Registrováno:</strong> 19.03.2012 03:14:29</p>
                <p><strong>Expiruje:</strong> 19.03.2025 - <span class=green>OK</span></p>
            </div>

<div class=col-sm><h3>Nameservery:</h3>
<p class=green>ns3.cesky-hosting.eu.</p>
<p class=green>ns1.thinline.cz.</p>
<p class=green>ns2.thinline.cz.</p>
<h3>A Záznamy:</h3>
<p class=green>91.239.200.54</p>
<h3>AAAA Záznamy (IPv6):</h3>
<p class=green>2001:67c:e94:0:1:5bef:c836:1</p>
</div><div class=col-sm><h3>TXT Záznamy:</h3>
<h3>MX Záznamy (Pošta):</h3>
<p class=green>mx1d10.thinline.cz.</p>
<p class=green>mx1b20.thinline.cz.</p>
</div></div>
