
    <p>Všechny <span class="green">ZELENÉ</span> hodnoty patří Českému hostingu a všechny <span class="red">ČERVENÉ</span> jsou cizí.</p>
    <p>Skript kontroluje zda .cz domena v nasledujicich 14 dnech expiruje a nebo jestli je již po expiraci.</p>
    <h3 class="my-4">Výsledek pro doménu: <span class="yellow"><strong>Admin.cz</strong></span></h3>
    <div class="container">
        <div class="row">
            <div class="col-sm">
                <p><strong>TLD domény:</strong> cz</p>
                <p><strong>DNSSEC:</strong> OFF</p>
                <p><strong>Vlastník domény:</strong> DVORAKRADIM</p>
                <p><strong>Registrátor kontaktu:</strong> REG-INTERNET-CZ</p>
                <p><strong>Jméno a příjmení vlastníka:</strong> Radim Dvořák</p>
                <p><strong>Registrátor domény:</strong> <span class=red>REG-GRANSY</span></p>
                <p><strong>Registrováno:</strong> 12.04.2002 17:34:00</p>
                <p><strong>Expiruje:</strong> 11.04.2025 - <span class=green>OK</span></p>
            </div>

<div class=col-sm><h3>Nameservery:</h3>
<p class=red>ns2.virtis.cz.</p>
<p class=red>ns1.virtis.cz.</p>
<h3>A Záznamy:</h3>
<p class=red>185.9.116.42</p>
<h3>AAAA Záznamy (IPv6):</h3>
</div><div class=col-sm><h3>TXT Záznamy:</h3>
<p>"admin.cz"</p>

<p>"v=spf1 mx -all"</p>

<h3>MX Záznamy (Pošta):</h3>
<p class=red>mail.virtis.cz.</p>
</div></div>
